\BOOKMARK [1][-]{section.1}{\376\377\000B\000a\000c\000k\000g\000r\000o\000u\000n\000d}{}% 1
\BOOKMARK [1][-]{section.2}{\376\377\000I\000n\000t\000r\000o\000d\000u\000c\000t\000i\000o\000n}{}% 2
\BOOKMARK [1][-]{section.3}{\376\377\000P\000r\000o\000b\000l\000e\000m\000\040\000s\000t\000a\000t\000e\000m\000e\000n\000t}{}% 3
\BOOKMARK [1][-]{section.4}{\376\377\000L\000i\000s\000t\000\040\000o\000f\000\040\000S\000y\000m\000b\000o\000l\000s}{}% 4
\BOOKMARK [1][-]{section.5}{\376\377\000A\000s\000s\000u\000m\000p\000t\000i\000o\000n\000\040\000a\000n\000d\000\040\000T\000h\000e\000o\000r\000y}{}% 5
\BOOKMARK [2][-]{subsection.5.1}{\376\377\000M\000e\000t\000h\000o\000d}{section.5}% 6
\BOOKMARK [2][-]{subsection.5.2}{\376\377\000B\000a\000s\000i\000c\000\040\000m\000o\000d\000e\000l\000\040\000o\000f\000\040\000t\000h\000e\000\040\000s\000o\000l\000a\000r\000\040\000s\000a\000i\000l}{section.5}% 7
\BOOKMARK [2][-]{subsection.5.3}{\376\377\000F\000o\000r\000c\000e\000\040\000o\000f\000\040\000l\000i\000g\000h\000t\000\040\000p\000r\000e\000s\000s\000u\000r\000e}{section.5}% 8
\BOOKMARK [3][-]{subsubsection.5.3.1}{\376\377\000A\000s\000s\000u\000m\000p\000t\000i\000o\000n\000s}{subsection.5.3}% 9
\BOOKMARK [3][-]{subsubsection.5.3.2}{\376\377\000C\000a\000l\000c\000u\000l\000a\000t\000i\000o\000n}{subsection.5.3}% 10
\BOOKMARK [2][-]{subsection.5.4}{\376\377\000A\000n\000a\000l\000y\000s\000i\000s\000\040\000o\000f\000\040\000t\000h\000e\000\040\000g\000r\000a\000v\000i\000t\000a\000t\000i\000o\000n}{section.5}% 11
\BOOKMARK [2][-]{subsection.5.5}{\376\377\000F\000o\000r\000c\000e\000\040\000a\000n\000a\000l\000y\000s\000i\000s\000\040\000a\000n\000d\000\040\000e\000x\000p\000r\000e\000s\000s\000i\000o\000n\000\040\000o\000f\000\040\000a\000c\000c\000e\000l\000e\000r\000a\000t\000i\000o\000n}{section.5}% 12
\BOOKMARK [2][-]{subsection.5.6}{\376\377\000K\000i\000n\000e\000m\000a\000t\000i\000c\000a\000l\000\040\000e\000q\000u\000a\000t\000i\000o\000n}{section.5}% 13
\BOOKMARK [2][-]{subsection.5.7}{\376\377\000T\000r\000a\000j\000e\000c\000t\000o\000r\000y}{section.5}% 14
\BOOKMARK [3][-]{subsubsection.5.7.1}{\376\377\000A\000s\000s\000u\000m\000p\000t\000i\000o\000n}{subsection.5.7}% 15
\BOOKMARK [3][-]{subsubsection.5.7.2}{\376\377\000T\000h\000e\000\040\000i\000n\000i\000t\000i\000a\000l\000\040\000s\000t\000a\000t\000e\000\040\000o\000f\000\040\000t\000h\000e\000\040\000s\000o\000l\000a\000r\000\040\000s\000a\000i\000l\000\040\000s\000p\000a\000c\000e\000c\000r\000a\000f\000t}{subsection.5.7}% 16
\BOOKMARK [3][-]{subsubsection.5.7.3}{\376\377\000T\000r\000a\000j\000e\000c\000t\000o\000r\000y\000\040\000w\000i\000t\000h\000o\000u\000t\000\040\000p\000o\000w\000e\000r}{subsection.5.7}% 17
\BOOKMARK [3][-]{subsubsection.5.7.4}{\376\377\000T\000r\000a\000j\000e\000c\000t\000o\000r\000y\000\040\000w\000i\000t\000h\000\040\000p\000o\000w\000e\000r}{subsection.5.7}% 18
\BOOKMARK [1][-]{section.6}{\376\377\000T\000r\000a\000j\000e\000c\000t\000o\000r\000y\000\040\000O\000p\000t\000i\000m\000i\000z\000a\000t\000i\000o\000n\000\040\000M\000o\000d\000e\000l}{}% 19
\BOOKMARK [2][-]{subsection.6.1}{\376\377\000E\000s\000t\000a\000b\000l\000i\000s\000h\000m\000e\000n\000t\000\040\000o\000f\000\040\000o\000p\000t\000i\000m\000a\000l\000\040\000m\000o\000d\000e\000l}{section.6}% 20
\BOOKMARK [3][-]{subsubsection.6.1.1}{\376\377\000D\000e\000s\000c\000r\000i\000p\000t\000i\000o\000n}{subsection.6.1}% 21
\BOOKMARK [3][-]{subsubsection.6.1.2}{\376\377\000C\000o\000n\000d\000i\000t\000i\000o\000n\000s\000\040\000o\000f\000\040\000C\000a\000p\000t\000u\000r\000e\000\040\000b\000y\000\040\000M\000a\000r\000s}{subsection.6.1}% 22
\BOOKMARK [3][-]{subsubsection.6.1.3}{\376\377\000M\000a\000t\000h\000e\000m\000a\000t\000i\000c\000a\000l\000\040\000f\000o\000r\000m\000u\000l\000a\000t\000i\000o\000n}{subsection.6.1}% 23
\BOOKMARK [2][-]{subsection.6.2}{\376\377\000R\000e\000a\000l\000i\000z\000a\000t\000i\000o\000n\000\040\000b\000y\000\040\000p\000r\000o\000g\000r\000a\000m}{section.6}% 24
\BOOKMARK [2][-]{subsection.6.3}{\376\377\000R\000e\000s\000u\000l\000t}{section.6}% 25
\BOOKMARK [1][-]{section.7}{\376\377\000S\000t\000r\000e\000n\000g\000t\000h\000\040\000a\000n\000g\000\040\000W\000e\000a\000k\000n\000e\000s\000s}{}% 26
\BOOKMARK [2][-]{subsection.7.1}{\376\377\000S\000t\000r\000e\000n\000g\000t\000h\000\040\000o\000f\000\040\000o\000u\000r\000\040\000a\000p\000p\000r\000o\000a\000c\000h}{section.7}% 27
\BOOKMARK [2][-]{subsection.7.2}{\376\377\000W\000e\000a\000k\000n\000e\000s\000s\000\040\000o\000f\000\040\000o\000u\000r\000\040\000a\000p\000p\000r\000o\000a\000c\000h}{section.7}% 28
\BOOKMARK [1][-]{section.8}{\376\377\000O\000t\000h\000e\000r\000\040\000D\000i\000s\000c\000u\000s\000i\000o\000n}{}% 29
\BOOKMARK [1][-]{appendix.A}{\376\377\000M\000a\000t\000l\000a\000b\000\040\000C\000o\000d\000e\000\040\000w\000i\000t\000h\000\040\000A\000n\000n\000o\000t\000a\000t\000i\000o\000n}{}% 30
\BOOKMARK [2][-]{subsection.A.1}{\376\377\000c\000a\000o\000z\000u\000o\000.\000m}{appendix.A}% 31
\BOOKMARK [2][-]{subsection.A.2}{\376\377\000o\000r\000b\000i\000t\000.\000m}{appendix.A}% 32
\BOOKMARK [2][-]{subsection.A.3}{\376\377\000w\000e\000i\000f\000e\000n\000.\000m}{appendix.A}% 33
\BOOKMARK [2][-]{subsection.A.4}{\376\377\000w\000e\000i\000f\000e\000n\0001\000.\000m}{appendix.A}% 34
